#
# There is insufficient memory for the Java Runtime Environment to continue.
# Native memory allocation (malloc) failed to allocate 32744 bytes for ChunkPool::allocate
# Possible reasons:
#   The system is out of physical RAM or swap space
#   The process is running with CompressedOops enabled, and the Java Heap may be blocking the growth of the native heap
# Possible solutions:
#   Reduce memory load on the system
#   Increase physical memory or swap space
#   Check if swap backing store is full
#   Decrease Java heap size (-Xmx/-Xms)
#   Decrease number of Java threads
#   Decrease Java thread stack sizes (-Xss)
#   Set larger code cache with -XX:ReservedCodeCacheSize=
#   JVM is running with Unscaled Compressed Oops mode in which the Java heap is
#     placed in the first 4GB address space. The Java Heap base address is the
#     maximum limit for the native heap growth. Please use -XX:HeapBaseMinAddress
#     to set the Java Heap base and to place the Java Heap above 4GB virtual address.
# This output file may be truncated or incomplete.
#
#  Out of Memory Error (t:/workspace/open/src/hotspot/share/memory/arena.cpp:80), pid=3936, tid=7272
#
# JRE version: Java(TM) SE Runtime Environment (13.0.2+8) (build 13.0.2+8)
# Java VM: Java HotSpot(TM) 64-Bit Server VM (13.0.2+8, mixed mode, sharing, tiered, compressed oops, g1 gc, windows-amd64)
# No core dump will be written. Minidumps are not enabled by default on client versions of Windows
#

---------------  S U M M A R Y ------------

Command Line: -ea --enable-preview -Didea.test.cyclic.buffer.size=1048576 -javaagent:D:\Program Files\JetBrains\IntelliJ IDEA Community Edition 2019.3.1\lib\idea_rt.jar=52949:D:\Program Files\JetBrains\IntelliJ IDEA Community Edition 2019.3.1\bin -Dfile.encoding=UTF-8 com.intellij.rt.junit.JUnitStarter -ideVersion5 -junit5 FirstTest,demoTest

Host: Intel(R) Celeron(R) CPU N3350 @ 1.10GHz, 2 cores, 3G,  Windows 10 , 64 bit Build 16299 (10.0.16299.1087)
Time: Sun Jan 19 10:37:46 2020 ?rodkowoeuropejski czas stand. elapsed time: 14 seconds (0d 0h 0m 14s)

---------------  T H R E A D  ---------------

Current thread (0x0000029845d11000):  JavaThread "C2 CompilerThread0" daemon [_thread_in_native, id=7272, stack(0x000000b1c5e00000,0x000000b1c5f00000)]


Current CompileTask:
C2:  14884 1702   !   4       org.openqa.selenium.json.Input::init (71 bytes)

Stack: [0x000000b1c5e00000,0x000000b1c5f00000]
Native frames: (J=compiled Java code, j=interpreted, Vv=VM code, C=native code)
V  [jvm.dll+0x624f9a]
V  [jvm.dll+0x770cfa]
V  [jvm.dll+0x7724af]
V  [jvm.dll+0x772ab3]
V  [jvm.dll+0x24bf08]
V  [jvm.dll+0xc2076]
V  [jvm.dll+0xc23cc]
V  [jvm.dll+0x113a65]
V  [jvm.dll+0x20de36]
V  [jvm.dll+0x207501]
V  [jvm.dll+0x204d1d]
V  [jvm.dll+0x189c2c]
V  [jvm.dll+0x213e6d]
V  [jvm.dll+0x2120bb]
V  [jvm.dll+0x736bb6]
V  [jvm.dll+0x72fcaa]
V  [jvm.dll+0x623ea6]
C  [ucrtbase.dll+0x1fa95]
C  [KERNEL32.DLL+0x137e4]
C  [ntdll.dll+0x6cb81]


---------------  P R O C E S S  ---------------

Threads class SMR info:
_java_thread_list=0x0000029847135810, length=17, elements={
0x000002982a1cf800, 0x0000029845cf1000, 0x0000029845cf4000, 0x0000029845d0d800,
0x0000029845d10000, 0x0000029845d11000, 0x0000029845d78000, 0x0000029845d79800,
0x000002984672d800, 0x0000029846831000, 0x0000029846832000, 0x00000298470be800,
0x0000029847116800, 0x00000298470c5800, 0x000002984711f800, 0x0000029846ae7000,
0x0000029846b61800
}

Java Threads: ( => current thread )
  0x000002982a1cf800 JavaThread "Forwarding newSession on session null to remote" [_thread_in_vm, id=4288, stack(0x000000b1c5200000,0x000000b1c5300000)]
  0x0000029845cf1000 JavaThread "Reference Handler" daemon [_thread_blocked, id=9756, stack(0x000000b1c5a00000,0x000000b1c5b00000)]
  0x0000029845cf4000 JavaThread "Finalizer" daemon [_thread_blocked, id=3440, stack(0x000000b1c5b00000,0x000000b1c5c00000)]
  0x0000029845d0d800 JavaThread "Signal Dispatcher" daemon [_thread_blocked, id=3992, stack(0x000000b1c5c00000,0x000000b1c5d00000)]
  0x0000029845d10000 JavaThread "Attach Listener" daemon [_thread_blocked, id=2856, stack(0x000000b1c5d00000,0x000000b1c5e00000)]
=>0x0000029845d11000 JavaThread "C2 CompilerThread0" daemon [_thread_in_native, id=7272, stack(0x000000b1c5e00000,0x000000b1c5f00000)]
  0x0000029845d78000 JavaThread "C1 CompilerThread0" daemon [_thread_blocked, id=9856, stack(0x000000b1c5f00000,0x000000b1c6000000)]
  0x0000029845d79800 JavaThread "Sweeper thread" daemon [_thread_blocked, id=4860, stack(0x000000b1c6000000,0x000000b1c6100000)]
  0x000002984672d800 JavaThread "Common-Cleaner" daemon [_thread_blocked, id=3468, stack(0x000000b1c6100000,0x000000b1c6200000)]
  0x0000029846831000 JavaThread "Monitor Ctrl-Break" daemon [_thread_in_native, id=4108, stack(0x000000b1c6400000,0x000000b1c6500000)]
  0x0000029846832000 JavaThread "Service Thread" daemon [_thread_blocked, id=9804, stack(0x000000b1c6500000,0x000000b1c6600000)]
  0x00000298470be800 JavaThread "Exec Default Executor" daemon [_thread_in_native, id=10084, stack(0x000000b1c6900000,0x000000b1c6a00000)]
  0x0000029847116800 JavaThread "UrlChecker-2" daemon [_thread_blocked, id=10832, stack(0x000000b1c6a00000,0x000000b1c6b00000)]
  0x00000298470c5800 JavaThread "Exec Stream Pumper" daemon [_thread_in_native, id=9616, stack(0x000000b1c6c00000,0x000000b1c6d00000)]
  0x000002984711f800 JavaThread "Exec Stream Pumper" daemon [_thread_in_native, id=364, stack(0x000000b1c6d00000,0x000000b1c6e00000)]
  0x0000029846ae7000 JavaThread "OkHttp ConnectionPool" daemon [_thread_blocked, id=8620, stack(0x000000b1c6f00000,0x000000b1c7000000)]
  0x0000029846b61800 JavaThread "Okio Watchdog" daemon [_thread_blocked, id=9544, stack(0x000000b1c7000000,0x000000b1c7100000)]

Other Threads:
  0x000002982a298800 VMThread "VM Thread" [stack: 0x000000b1c5900000,0x000000b1c5a00000] [id=7248]
  0x000002984684f800 WatcherThread [stack: 0x000000b1c6600000,0x000000b1c6700000] [id=3664]
  0x000002982a1fe800 GCTaskThread "GC Thread#0" [stack: 0x000000b1c5400000,0x000000b1c5500000] [id=2008]
  0x0000029846a2d800 GCTaskThread "GC Thread#1" [stack: 0x000000b1c6800000,0x000000b1c6900000] [id=10524]
  0x000002982a208000 ConcurrentGCThread "G1 Main Marker" [stack: 0x000000b1c5500000,0x000000b1c5600000] [id=10184]
  0x000002982a209000 ConcurrentGCThread "G1 Conc#0" [stack: 0x000000b1c5600000,0x000000b1c5700000] [id=2244]
  0x000002982a246000 ConcurrentGCThread "G1 Refine#0" [stack: 0x000000b1c5700000,0x000000b1c5800000] [id=7908]
  0x000002982a248800 ConcurrentGCThread "G1 Young RemSet Sampling" [stack: 0x000000b1c5800000,0x000000b1c5900000] [id=3116]

Threads with active compile tasks:
C2 CompilerThread0    14951 1702   !   4       org.openqa.selenium.json.Input::init (71 bytes)

VM state:not at safepoint (normal execution)

VM Mutex/Monitor currently owned by a thread: None

Heap address: 0x00000000c2600000, size: 986 MB, Compressed Oops mode: 32-bit
Narrow klass base: 0x0000000800000000, Narrow klass shift: 3
Compressed class space size: 1073741824 Address: 0x0000000800b40000

Heap:
 garbage-first heap   total 63488K, used 23334K [0x00000000c2600000, 0x0000000100000000)
  region size 1024K, 22 young (22528K), 2 survivors (2048K)
 Metaspace       used 12139K, capacity 12854K, committed 13184K, reserved 1060864K
  class space    used 1551K, capacity 1823K, committed 1920K, reserved 1048576K
Heap Regions: E=young(eden), S=young(survivor), O=old, HS=humongous(starts), HC=humongous(continues), CS=collection set, F=free, A=archive, TAMS=top-at-mark-start (previous, next)
|   0|0x00000000c2600000, 0x00000000c2700000, 0x00000000c2700000|100%| O|  |TAMS 0x00000000c2600000, 0x00000000c2600000| Untracked 
|   1|0x00000000c2700000, 0x00000000c2800000, 0x00000000c2800000|100%| O|  |TAMS 0x00000000c2700000, 0x00000000c2700000| Untracked 
|   2|0x00000000c2800000, 0x00000000c2895200, 0x00000000c2900000| 58%| O|  |TAMS 0x00000000c2800000, 0x00000000c2800000| Untracked 
|   3|0x00000000c2900000, 0x00000000c2900000, 0x00000000c2a00000|  0%| F|  |TAMS 0x00000000c2900000, 0x00000000c2900000| Untracked 
|   4|0x00000000c2a00000, 0x00000000c2a00000, 0x00000000c2b00000|  0%| F|  |TAMS 0x00000000c2a00000, 0x00000000c2a00000| Untracked 
|   5|0x00000000c2b00000, 0x00000000c2b00000, 0x00000000c2c00000|  0%| F|  |TAMS 0x00000000c2b00000, 0x00000000c2b00000| Untracked 
|   6|0x00000000c2c00000, 0x00000000c2c00000, 0x00000000c2d00000|  0%| F|  |TAMS 0x00000000c2c00000, 0x00000000c2c00000| Untracked 
|   7|0x00000000c2d00000, 0x00000000c2d00000, 0x00000000c2e00000|  0%| F|  |TAMS 0x00000000c2d00000, 0x00000000c2d00000| Untracked 
|   8|0x00000000c2e00000, 0x00000000c2e00000, 0x00000000c2f00000|  0%| F|  |TAMS 0x00000000c2e00000, 0x00000000c2e00000| Untracked 
|   9|0x00000000c2f00000, 0x00000000c2f00000, 0x00000000c3000000|  0%| F|  |TAMS 0x00000000c2f00000, 0x00000000c2f00000| Untracked 
|  10|0x00000000c3000000, 0x00000000c3000000, 0x00000000c3100000|  0%| F|  |TAMS 0x00000000c3000000, 0x00000000c3000000| Untracked 
|  11|0x00000000c3100000, 0x00000000c3100000, 0x00000000c3200000|  0%| F|  |TAMS 0x00000000c3100000, 0x00000000c3100000| Untracked 
|  12|0x00000000c3200000, 0x00000000c3200000, 0x00000000c3300000|  0%| F|  |TAMS 0x00000000c3200000, 0x00000000c3200000| Untracked 
|  13|0x00000000c3300000, 0x00000000c3300000, 0x00000000c3400000|  0%| F|  |TAMS 0x00000000c3300000, 0x00000000c3300000| Untracked 
|  14|0x00000000c3400000, 0x00000000c3400000, 0x00000000c3500000|  0%| F|  |TAMS 0x00000000c3400000, 0x00000000c3400000| Untracked 
|  15|0x00000000c3500000, 0x00000000c3500000, 0x00000000c3600000|  0%| F|  |TAMS 0x00000000c3500000, 0x00000000c3500000| Untracked 
|  16|0x00000000c3600000, 0x00000000c3600000, 0x00000000c3700000|  0%| F|  |TAMS 0x00000000c3600000, 0x00000000c3600000| Untracked 
|  17|0x00000000c3700000, 0x00000000c3700000, 0x00000000c3800000|  0%| F|  |TAMS 0x00000000c3700000, 0x00000000c3700000| Untracked 
|  18|0x00000000c3800000, 0x00000000c3800000, 0x00000000c3900000|  0%| F|  |TAMS 0x00000000c3800000, 0x00000000c3800000| Untracked 
|  19|0x00000000c3900000, 0x00000000c3900000, 0x00000000c3a00000|  0%| F|  |TAMS 0x00000000c3900000, 0x00000000c3900000| Untracked 
|  20|0x00000000c3a00000, 0x00000000c3a00000, 0x00000000c3b00000|  0%| F|  |TAMS 0x00000000c3a00000, 0x00000000c3a00000| Untracked 
|  21|0x00000000c3b00000, 0x00000000c3b00000, 0x00000000c3c00000|  0%| F|  |TAMS 0x00000000c3b00000, 0x00000000c3b00000| Untracked 
|  22|0x00000000c3c00000, 0x00000000c3c00000, 0x00000000c3d00000|  0%| F|  |TAMS 0x00000000c3c00000, 0x00000000c3c00000| Untracked 
|  23|0x00000000c3d00000, 0x00000000c3d00000, 0x00000000c3e00000|  0%| F|  |TAMS 0x00000000c3d00000, 0x00000000c3d00000| Untracked 
|  24|0x00000000c3e00000, 0x00000000c3e00000, 0x00000000c3f00000|  0%| F|  |TAMS 0x00000000c3e00000, 0x00000000c3e00000| Untracked 
|  25|0x00000000c3f00000, 0x00000000c3f00000, 0x00000000c4000000|  0%| F|  |TAMS 0x00000000c3f00000, 0x00000000c3f00000| Untracked 
|  26|0x00000000c4000000, 0x00000000c4000000, 0x00000000c4100000|  0%| F|  |TAMS 0x00000000c4000000, 0x00000000c4000000| Untracked 
|  27|0x00000000c4100000, 0x00000000c4100000, 0x00000000c4200000|  0%| F|  |TAMS 0x00000000c4100000, 0x00000000c4100000| Untracked 
|  28|0x00000000c4200000, 0x00000000c4200000, 0x00000000c4300000|  0%| F|  |TAMS 0x00000000c4200000, 0x00000000c4200000| Untracked 
|  29|0x00000000c4300000, 0x00000000c4300000, 0x00000000c4400000|  0%| F|  |TAMS 0x00000000c4300000, 0x00000000c4300000| Untracked 
|  30|0x00000000c4400000, 0x00000000c4400000, 0x00000000c4500000|  0%| F|  |TAMS 0x00000000c4400000, 0x00000000c4400000| Untracked 
|  31|0x00000000c4500000, 0x00000000c4500000, 0x00000000c4600000|  0%| F|  |TAMS 0x00000000c4500000, 0x00000000c4500000| Untracked 
|  32|0x00000000c4600000, 0x00000000c4600000, 0x00000000c4700000|  0%| F|  |TAMS 0x00000000c4600000, 0x00000000c4600000| Untracked 
|  33|0x00000000c4700000, 0x00000000c4700000, 0x00000000c4800000|  0%| F|  |TAMS 0x00000000c4700000, 0x00000000c4700000| Untracked 
|  34|0x00000000c4800000, 0x00000000c4800000, 0x00000000c4900000|  0%| F|  |TAMS 0x00000000c4800000, 0x00000000c4800000| Untracked 
|  35|0x00000000c4900000, 0x00000000c4900000, 0x00000000c4a00000|  0%| F|  |TAMS 0x00000000c4900000, 0x00000000c4900000| Untracked 
|  36|0x00000000c4a00000, 0x00000000c4a00000, 0x00000000c4b00000|  0%| F|  |TAMS 0x00000000c4a00000, 0x00000000c4a00000| Untracked 
|  37|0x00000000c4b00000, 0x00000000c4b00000, 0x00000000c4c00000|  0%| F|  |TAMS 0x00000000c4b00000, 0x00000000c4b00000| Untracked 
|  38|0x00000000c4c00000, 0x00000000c4c00000, 0x00000000c4d00000|  0%| F|  |TAMS 0x00000000c4c00000, 0x00000000c4c00000| Untracked 
|  39|0x00000000c4d00000, 0x00000000c4d00000, 0x00000000c4e00000|  0%| F|  |TAMS 0x00000000c4d00000, 0x00000000c4d00000| Untracked 
|  40|0x00000000c4e00000, 0x00000000c4e80800, 0x00000000c4f00000| 50%| E|  |TAMS 0x00000000c4e00000, 0x00000000c4e00000| Complete 
|  41|0x00000000c4f00000, 0x00000000c5000000, 0x00000000c5000000|100%| E|CS|TAMS 0x00000000c4f00000, 0x00000000c4f00000| Complete 
|  42|0x00000000c5000000, 0x00000000c5100000, 0x00000000c5100000|100%| E|CS|TAMS 0x00000000c5000000, 0x00000000c5000000| Complete 
|  43|0x00000000c5100000, 0x00000000c5200000, 0x00000000c5200000|100%| E|CS|TAMS 0x00000000c5100000, 0x00000000c5100000| Complete 
|  44|0x00000000c5200000, 0x00000000c5300000, 0x00000000c5300000|100%| E|CS|TAMS 0x00000000c5200000, 0x00000000c5200000| Complete 
|  45|0x00000000c5300000, 0x00000000c5400000, 0x00000000c5400000|100%| E|CS|TAMS 0x00000000c5300000, 0x00000000c5300000| Complete 
|  46|0x00000000c5400000, 0x00000000c5500000, 0x00000000c5500000|100%| E|CS|TAMS 0x00000000c5400000, 0x00000000c5400000| Complete 
|  47|0x00000000c5500000, 0x00000000c5600000, 0x00000000c5600000|100%| E|CS|TAMS 0x00000000c5500000, 0x00000000c5500000| Complete 
|  48|0x00000000c5600000, 0x00000000c5634890, 0x00000000c5700000| 20%| S|CS|TAMS 0x00000000c5600000, 0x00000000c5600000| Complete 
|  49|0x00000000c5700000, 0x00000000c5800000, 0x00000000c5800000|100%| S|CS|TAMS 0x00000000c5700000, 0x00000000c5700000| Complete 
|  50|0x00000000c5800000, 0x00000000c5900000, 0x00000000c5900000|100%| E|CS|TAMS 0x00000000c5800000, 0x00000000c5800000| Complete 
|  51|0x00000000c5900000, 0x00000000c5a00000, 0x00000000c5a00000|100%| E|CS|TAMS 0x00000000c5900000, 0x00000000c5900000| Complete 
|  52|0x00000000c5a00000, 0x00000000c5b00000, 0x00000000c5b00000|100%| E|CS|TAMS 0x00000000c5a00000, 0x00000000c5a00000| Complete 
|  53|0x00000000c5b00000, 0x00000000c5c00000, 0x00000000c5c00000|100%| E|CS|TAMS 0x00000000c5b00000, 0x00000000c5b00000| Complete 
|  54|0x00000000c5c00000, 0x00000000c5d00000, 0x00000000c5d00000|100%| E|CS|TAMS 0x00000000c5c00000, 0x00000000c5c00000| Complete 
|  55|0x00000000c5d00000, 0x00000000c5e00000, 0x00000000c5e00000|100%| E|CS|TAMS 0x00000000c5d00000, 0x00000000c5d00000| Complete 
|  56|0x00000000c5e00000, 0x00000000c5f00000, 0x00000000c5f00000|100%| E|CS|TAMS 0x00000000c5e00000, 0x00000000c5e00000| Complete 
|  57|0x00000000c5f00000, 0x00000000c6000000, 0x00000000c6000000|100%| E|CS|TAMS 0x00000000c5f00000, 0x00000000c5f00000| Complete 
|  58|0x00000000c6000000, 0x00000000c6100000, 0x00000000c6100000|100%| E|CS|TAMS 0x00000000c6000000, 0x00000000c6000000| Complete 
|  59|0x00000000c6100000, 0x00000000c6200000, 0x00000000c6200000|100%| E|CS|TAMS 0x00000000c6100000, 0x00000000c6100000| Complete 
|  60|0x00000000c6200000, 0x00000000c6300000, 0x00000000c6300000|100%| E|CS|TAMS 0x00000000c6200000, 0x00000000c6200000| Complete 
|  61|0x00000000c6300000, 0x00000000c6400000, 0x00000000c6400000|100%| E|CS|TAMS 0x00000000c6300000, 0x00000000c6300000| Complete 

Card table byte_map: [0x00000298416d0000,0x00000298418c0000] _byte_map_base: 0x00000298410bd000

Marking Bits (Prev, Next): (CMBitMap*) 0x000002982a1ff4d8, (CMBitMap*) 0x000002982a1ff518
 Prev Bits: [0x0000029841ab0000, 0x0000029842a18000)
 Next Bits: [0x0000029842a20000, 0x0000029843988000)

Polling page: 0x0000029828170000

Metaspace:

Usage:
  Non-class:     10.77 MB capacity,    10.34 MB ( 96%) used,   375.02 KB (  3%) free+waste,    68.06 KB ( <1%) overhead. 
      Class:      1.78 MB capacity,     1.51 MB ( 85%) used,   234.71 KB ( 13%) free+waste,    36.94 KB (  2%) overhead. 
       Both:     12.55 MB capacity,    11.85 MB ( 94%) used,   609.73 KB (  5%) free+waste,   105.00 KB ( <1%) overhead. 

Virtual space:
  Non-class space:       12.00 MB reserved,      11.00 MB ( 92%) committed 
      Class space:        1.00 GB reserved,       1.88 MB ( <1%) committed 
             Both:        1.01 GB reserved,      12.88 MB (  1%) committed 

Chunk freelists:
   Non-Class:  41.00 KB
       Class:  1.00 KB
        Both:  42.00 KB

MaxMetaspaceSize: 17179869184.00 GB
CompressedClassSpaceSize: 1.00 GB

CodeHeap 'non-profiled nmethods': size=120064Kb used=564Kb max_used=564Kb free=119499Kb
 bounds [0x000002983a190000, 0x000002983a400000, 0x00000298416d0000]
CodeHeap 'profiled nmethods': size=120000Kb used=3752Kb max_used=3752Kb free=116248Kb
 bounds [0x0000029832c60000, 0x0000029833010000, 0x000002983a190000]
CodeHeap 'non-nmethods': size=5696Kb used=1206Kb max_used=1218Kb free=4489Kb
 bounds [0x00000298326d0000, 0x0000029832940000, 0x0000029832c60000]
 total_blobs=2836 nmethods=1717 adapters=375
 compilation: enabled
              stopped_count=0, restarted_count=0
 full_count=0

Compilation events (20 events):
Event: 14.867 Thread 0x0000029845d78000 1703       1       java.util.stream.Collectors$CollectorImpl::supplier (5 bytes)
Event: 14.867 Thread 0x0000029845d78000 nmethod 1703 0x000002983a21c690 code [0x000002983a21c820, 0x000002983a21c958]
Event: 14.868 Thread 0x0000029845d78000 1704       1       java.util.stream.Collectors$CollectorImpl::accumulator (5 bytes)
Event: 14.868 Thread 0x0000029845d78000 nmethod 1704 0x000002983a21ca10 code [0x000002983a21cba0, 0x000002983a21ccd8]
Event: 14.868 Thread 0x0000029845d78000 1705       1       java.util.stream.Collectors$CollectorImpl::combiner (5 bytes)
Event: 14.868 Thread 0x0000029845d78000 nmethod 1705 0x000002983a21cd90 code [0x000002983a21cf20, 0x000002983a21d058]
Event: 14.869 Thread 0x0000029845d78000 1706       3       java.lang.invoke.DelegatingMethodHandle::<init> (10 bytes)
Event: 14.870 Thread 0x0000029845d78000 nmethod 1706 0x0000029833001990 code [0x0000029833001b60, 0x0000029833002040]
Event: 14.872 Thread 0x0000029845d78000 1707       3       java.lang.invoke.BoundMethodHandle::rebind (14 bytes)
Event: 14.873 Thread 0x0000029845d78000 nmethod 1707 0x0000029833002190 code [0x00000298330023e0, 0x0000029833002e10]
Event: 14.873 Thread 0x0000029845d78000 1708       3       java.lang.invoke.BoundMethodHandle::bindArgumentL (11 bytes)
Event: 14.874 Thread 0x0000029845d78000 nmethod 1708 0x0000029833003190 code [0x0000029833003380, 0x0000029833003920]
Event: 14.874 Thread 0x0000029845d78000 1709       3       java.lang.invoke.LambdaFormEditor::bindArgumentType (101 bytes)
Event: 14.874 Thread 0x0000029845d78000 nmethod 1709 0x0000029833003b10 code [0x0000029833003cc0, 0x0000029833003f70]
Event: 14.875 Thread 0x0000029845d78000 1710       3       java.lang.invoke.LambdaFormEditor::bindArgumentForm (269 bytes)
Event: 14.879 Thread 0x0000029845d78000 nmethod 1710 0x0000029833004090 code [0x0000029833004460, 0x0000029833005ef0]
Event: 14.879 Thread 0x0000029845d78000 1711       3       java.lang.invoke.LambdaFormEditor$Transform::bval (26 bytes)
Event: 14.879 Thread 0x0000029845d78000 nmethod 1711 0x0000029833006990 code [0x0000029833006b20, 0x0000029833006c78]
Event: 14.879 Thread 0x0000029845d78000 1712       3       java.lang.invoke.LambdaFormEditor$Transform::inRange (36 bytes)
Event: 14.879 Thread 0x0000029845d78000 nmethod 1712 0x0000029833006d10 code [0x0000029833006ec0, 0x0000029833007078]

GC Heap History (6 events):
Event: 3.836 GC heap before
{Heap before GC invocations=0 (full 0):
 garbage-first heap   total 63488K, used 6144K [0x00000000c2600000, 0x0000000100000000)
  region size 1024K, 7 young (7168K), 0 survivors (0K)
 Metaspace       used 2580K, capacity 5266K, committed 5504K, reserved 1056768K
  class space    used 267K, capacity 524K, committed 640K, reserved 1048576K
}
Event: 3.852 GC heap after
{Heap after GC invocations=1 (full 0):
 garbage-first heap   total 63488K, used 2493K [0x00000000c2600000, 0x0000000100000000)
  region size 1024K, 1 young (1024K), 1 survivors (1024K)
 Metaspace       used 2580K, capacity 5266K, committed 5504K, reserved 1056768K
  class space    used 267K, capacity 524K, committed 640K, reserved 1048576K
}
Event: 4.307 GC heap before
{Heap before GC invocations=1 (full 0):
 garbage-first heap   total 63488K, used 5565K [0x00000000c2600000, 0x0000000100000000)
  region size 1024K, 4 young (4096K), 1 survivors (1024K)
 Metaspace       used 3245K, capacity 5791K, committed 6016K, reserved 1056768K
  class space    used 357K, capacity 639K, committed 640K, reserved 1048576K
}
Event: 4.312 GC heap after
{Heap after GC invocations=2 (full 0):
 garbage-first heap   total 63488K, used 2854K [0x00000000c2600000, 0x0000000100000000)
  region size 1024K, 1 young (1024K), 1 survivors (1024K)
 Metaspace       used 3245K, capacity 5791K, committed 6016K, reserved 1056768K
  class space    used 357K, capacity 639K, committed 640K, reserved 1048576K
}
Event: 6.123 GC heap before
{Heap before GC invocations=2 (full 0):
 garbage-first heap   total 63488K, used 14118K [0x00000000c2600000, 0x0000000100000000)
  region size 1024K, 12 young (12288K), 1 survivors (1024K)
 Metaspace       used 7146K, capacity 7922K, committed 8064K, reserved 1056768K
  class space    used 889K, capacity 1079K, committed 1152K, reserved 1048576K
}
Event: 6.129 GC heap after
{Heap after GC invocations=3 (full 0):
 garbage-first heap   total 63488K, used 3878K [0x00000000c2600000, 0x0000000100000000)
  region size 1024K, 2 young (2048K), 2 survivors (2048K)
 Metaspace       used 7146K, capacity 7922K, committed 8064K, reserved 1056768K
  class space    used 889K, capacity 1079K, committed 1152K, reserved 1048576K
}

Deoptimization events (20 events):
Event: 8.049 Thread 0x000002982a1cf800 Uncommon trap: trap_request=0xffffffde fr.pc=0x000002983a213c88 relative=0x00000000000004e8
Event: 8.049 Thread 0x000002982a1cf800 Uncommon trap: reason=class_check action=maybe_recompile pc=0x000002983a213c88 method=java.util.regex.Matcher.search(I)Z @ 121 c2
Event: 8.049 Thread 0x000002982a1cf800 DEOPT PACKING pc=0x000002983a213c88 sp=0x000000b1c52fb0a0
Event: 8.049 Thread 0x000002982a1cf800 DEOPT UNPACKING pc=0x0000029832719429 sp=0x000000b1c52fb050 mode 2
Event: 14.864 Thread 0x000002982a1cf800 Uncommon trap: trap_request=0xffffffde fr.pc=0x000002983a218a84 relative=0x00000000000004a4
Event: 14.864 Thread 0x000002982a1cf800 Uncommon trap: reason=class_check action=maybe_recompile pc=0x000002983a218a84 method=org.openqa.selenium.json.Input.init()V @ 18 c2
Event: 14.864 Thread 0x000002982a1cf800 DEOPT PACKING pc=0x000002983a218a84 sp=0x000000b1c52fc0b0
Event: 14.864 Thread 0x000002982a1cf800 DEOPT UNPACKING pc=0x0000029832719429 sp=0x000000b1c52fc088 mode 2
Event: 14.864 Thread 0x000002982a1cf800 Uncommon trap: trap_request=0xffffffde fr.pc=0x000002983a218a84 relative=0x00000000000004a4
Event: 14.864 Thread 0x000002982a1cf800 Uncommon trap: reason=class_check action=maybe_recompile pc=0x000002983a218a84 method=org.openqa.selenium.json.Input.init()V @ 18 c2
Event: 14.864 Thread 0x000002982a1cf800 DEOPT PACKING pc=0x000002983a218a84 sp=0x000000b1c52fbc30
Event: 14.865 Thread 0x000002982a1cf800 DEOPT UNPACKING pc=0x0000029832719429 sp=0x000000b1c52fbc08 mode 2
Event: 14.865 Thread 0x000002982a1cf800 Uncommon trap: trap_request=0xffffffde fr.pc=0x000002983a218a84 relative=0x00000000000004a4
Event: 14.865 Thread 0x000002982a1cf800 Uncommon trap: reason=class_check action=maybe_recompile pc=0x000002983a218a84 method=org.openqa.selenium.json.Input.init()V @ 18 c2
Event: 14.865 Thread 0x000002982a1cf800 DEOPT PACKING pc=0x000002983a218a84 sp=0x000000b1c52fb670
Event: 14.865 Thread 0x000002982a1cf800 DEOPT UNPACKING pc=0x0000029832719429 sp=0x000000b1c52fb648 mode 2
Event: 14.865 Thread 0x000002982a1cf800 Uncommon trap: trap_request=0xffffffde fr.pc=0x000002983a218a84 relative=0x00000000000004a4
Event: 14.865 Thread 0x000002982a1cf800 Uncommon trap: reason=class_check action=maybe_recompile pc=0x000002983a218a84 method=org.openqa.selenium.json.Input.init()V @ 18 c2
Event: 14.865 Thread 0x000002982a1cf800 DEOPT PACKING pc=0x000002983a218a84 sp=0x000000b1c52fb670
Event: 14.865 Thread 0x000002982a1cf800 DEOPT UNPACKING pc=0x0000029832719429 sp=0x000000b1c52fb648 mode 2

Classes unloaded (0 events):
No events

Classes redefined (0 events):
No events

Internal exceptions (20 events):
Event: 5.030 Thread 0x000002982a1cf800 Exception <a 'java/lang/IncompatibleClassChangeError'{0x00000000c5ede650}: Found class java.lang.Object, but interface was expected> (0x00000000c5ede650) 
thrown [t:/workspace/open/src/hotspot/share/interpreter/linkResolver.cpp, line 833]
Event: 5.531 Thread 0x000002982a1cf800 Exception <a 'java/net/SocketException'{0x00000000c5cf1270}: Socket is not connected: shutdown> (0x00000000c5cf1270) 
thrown [t:/workspace/open/src/hotspot/share/prims/jni.cpp, line 619]
Event: 6.385 Thread 0x000002982a1cf800 Exception <a 'java/lang/NoSuchMethodError'{0x00000000c6069d60}: 'java.lang.Object java.lang.invoke.DirectMethodHandle$Holder.invokeStaticInit(java.lang.Object, int, int, int, int)'> (0x00000000c6069d60) 
thrown [t:/workspace/open/src/hotspot/share/interpreter/linkResolver.cpp, line 767]
Event: 6.418 Thread 0x000002982a1cf800 Exception <a 'sun/nio/fs/WindowsException'{0x00000000c606fd48}> (0x00000000c606fd48) 
thrown [t:/workspace/open/src/hotspot/share/prims/jni.cpp, line 598]
Event: 6.524 Thread 0x000002982a1cf800 Exception <a 'java/lang/NoSuchMethodError'{0x00000000c608f138}: 'int java.lang.invoke.DirectMethodHandle$Holder.invokeStaticInit(java.lang.Object, java.lang.Object, java.lang.Object, java.lang.Object)'> (0x00000000c608f138) 
thrown [t:/workspace/open/src/hotspot/share/interpreter/linkResolver.cpp, line 767]
Event: 6.526 Thread 0x000002982a1cf800 Exception <a 'java/lang/IncompatibleClassChangeError'{0x00000000c60978e0}: Found class java.lang.Object, but interface was expected> (0x00000000c60978e0) 
thrown [t:/workspace/open/src/hotspot/share/interpreter/linkResolver.cpp, line 833]
Event: 6.531 Thread 0x000002982a1cf800 Exception <a 'java/lang/NoSuchMethodError'{0x00000000c609ad98}: 'void java.lang.invoke.DirectMethodHandle$Holder.invokeStaticInit(java.lang.Object, java.lang.Object)'> (0x00000000c609ad98) 
thrown [t:/workspace/open/src/hotspot/share/interpreter/linkResolver.cpp, line 767]
Event: 6.886 Thread 0x000002982a1cf800 Exception <a 'java/lang/NoSuchMethodError'{0x00000000c5eae450}: 'java.lang.Object java.lang.invoke.DirectMethodHandle$Holder.invokeStaticInit(java.lang.Object, java.lang.Object, int, int, int, int)'> (0x00000000c5eae450) 
thrown [t:/workspace/open/src/hotspot/share/interpreter/linkResolver.cpp, line 767]
Event: 7.109 Thread 0x00000298470be800 Exception <a 'java/lang/NoSuchMethodError'{0x00000000c5c8fcb8}: 'void java.lang.invoke.DirectMethodHandle$Holder.invokeStatic(java.lang.Object, long)'> (0x00000000c5c8fcb8) 
thrown [t:/workspace/open/src/hotspot/share/interpreter/linkResolver.cpp, line 767]
Event: 7.116 Thread 0x00000298470be800 Exception <a 'java/lang/NoSuchMethodError'{0x00000000c5c9a4e0}: 'java.lang.Object java.lang.invoke.DirectMethodHandle$Holder.invokeStaticInit(java.lang.Object, java.lang.Object, long, java.lang.Object)'> (0x00000000c5c9a4e0) 
thrown [t:/workspace/open/src/hotspot/share/interpreter/linkResolver.cpp, line 767]
Event: 7.118 Thread 0x00000298470be800 Exception <a 'java/lang/NoSuchMethodError'{0x00000000c5ca00a8}: 'java.lang.Object java.lang.invoke.Invokers$Holder.linkToTargetMethod(java.lang.Object, long, java.lang.Object)'> (0x00000000c5ca00a8) 
thrown [t:/workspace/open/src/hotspot/share/interpreter/linkResolver.cpp, line 767]
Event: 7.619 Thread 0x0000029847116800 Exception <a 'java/net/SocketException'{0x00000000c5cd3120}: Socket is not connected: shutdown> (0x00000000c5cd3120) 
thrown [t:/workspace/open/src/hotspot/share/prims/jni.cpp, line 619]
Event: 7.702 Thread 0x000002982a1cf800 Exception <a 'java/lang/NoSuchMethodError'{0x00000000c5b84838}: 'java.lang.Object java.lang.invoke.DirectMethodHandle$Holder.invokeInterface(java.lang.Object, java.lang.Object, java.lang.Object)'> (0x00000000c5b84838) 
thrown [t:/workspace/open/src/hotspot/share/interpreter/linkResolver.cpp, line 767]
Event: 7.703 Thread 0x000002982a1cf800 Exception <a 'java/lang/IncompatibleClassChangeError'{0x00000000c5b87740}: Found class java.lang.Object, but interface was expected> (0x00000000c5b87740) 
thrown [t:/workspace/open/src/hotspot/share/interpreter/linkResolver.cpp, line 833]
Event: 7.709 Thread 0x000002982a1cf800 Exception <a 'java/lang/NoSuchMethodError'{0x00000000c5b91230}: 'java.lang.Object java.lang.invoke.DirectMethodHandle$Holder.invokeInterface(java.lang.Object, java.lang.Object, java.lang.Object, java.lang.Object)'> (0x00000000c5b91230) 
thrown [t:/workspace/open/src/hotspot/share/interpreter/linkResolver.cpp, line 767]
Event: 7.785 Thread 0x000002982a1cf800 Exception <a 'java/lang/NoSuchMethodError'{0x00000000c5a92700}: 'double java.lang.invoke.DirectMethodHandle$Holder.invokeVirtual(java.lang.Object, java.lang.Object)'> (0x00000000c5a92700) 
thrown [t:/workspace/open/src/hotspot/share/interpreter/linkResolver.cpp, line 767]
Event: 7.786 Thread 0x000002982a1cf800 Exception <a 'java/lang/NoSuchMethodError'{0x00000000c5a98240}: 'float java.lang.invoke.DirectMethodHandle$Holder.invokeVirtual(java.lang.Object, java.lang.Object)'> (0x00000000c5a98240) 
thrown [t:/workspace/open/src/hotspot/share/interpreter/linkResolver.cpp, line 767]
Event: 7.789 Thread 0x000002982a1cf800 Exception <a 'java/lang/NoSuchMethodError'{0x00000000c5a9ffd0}: 'long java.lang.invoke.DirectMethodHandle$Holder.invokeVirtual(java.lang.Object, java.lang.Object)'> (0x00000000c5a9ffd0) 
thrown [t:/workspace/open/src/hotspot/share/interpreter/linkResolver.cpp, line 767]
Event: 8.036 Thread 0x000002982a1cf800 Exception <a 'java/lang/NoSuchMethodError'{0x00000000c54094a0}: 'void java.lang.invoke.DirectMethodHandle$Holder.invokeStatic(java.lang.Object, java.lang.Object, java.lang.Object, java.lang.Object, java.lang.Object, java.lang.Object)'> (0x00000000c54094a0) 
thrown [t:/workspace/open/src/hotspot/share/interpreter/linkResolver.cpp, line 767]
Event: 8.047 Thread 0x000002982a1cf800 Exception <a 'java/lang/NoSuchMethodError'{0x00000000c54266f0}: 'void java.lang.invoke.DirectMethodHandle$Holder.invokeStatic(java.lang.Object, java.lang.Object, java.lang.Object, java.lang.Object, java.lang.Object)'> (0x00000000c54266f0) 
thrown [t:/workspace/open/src/hotspot/share/interpreter/linkResolver.cpp, line 767]

Events (20 events):
Event: 14.850 loading class org/openqa/selenium/remote/http/HttpResponse
Event: 14.850 loading class org/openqa/selenium/remote/http/HttpResponse done
Event: 14.852 loading class okhttp3/Response
Event: 14.852 loading class okhttp3/Response done
Event: 14.852 loading class okhttp3/Response
Event: 14.852 loading class okhttp3/Response done
Event: 14.853 loading class org/openqa/selenium/remote/http/HttpResponse
Event: 14.853 loading class org/openqa/selenium/remote/http/HttpResponse done
Event: 14.853 loading class org/openqa/selenium/remote/http/HttpResponse
Event: 14.853 loading class org/openqa/selenium/remote/http/HttpResponse done
Event: 14.855 loading class com/google/common/net/MediaType$Tokenizer
Event: 14.855 loading class com/google/common/net/MediaType$Tokenizer done
Event: 14.858 loading class com/google/common/collect/ImmutableSet$Indexed$1
Event: 14.858 loading class com/google/common/collect/ImmutableSet$Indexed$1 done
Event: 14.862 loading class com/google/common/base/MoreObjects
Event: 14.862 loading class com/google/common/base/MoreObjects done
Event: 14.869 loading class org/openqa/selenium/json/JsonInput
Event: 14.869 loading class org/openqa/selenium/json/JsonInput done
Event: 14.869 loading class org/openqa/selenium/json/JsonInput
Event: 14.869 loading class org/openqa/selenium/json/JsonInput done


Dynamic libraries:
0x00007ff746d20000 - 0x00007ff746d2f000 	C:\Program Files\Java\jdk-13.0.2\bin\java.exe
0x00007ff8178e0000 - 0x00007ff817ac0000 	C:\WINDOWS\SYSTEM32\ntdll.dll
0x00007ff8176d0000 - 0x00007ff81777e000 	C:\WINDOWS\System32\KERNEL32.DLL
0x00007ff813f00000 - 0x00007ff814166000 	C:\WINDOWS\System32\KERNELBASE.dll
0x00007ff8142a0000 - 0x00007ff814394000 	C:\WINDOWS\System32\ucrtbase.dll
0x00007ff810470000 - 0x00007ff810488000 	C:\Program Files\Java\jdk-13.0.2\bin\jli.dll
0x00007ff817790000 - 0x00007ff817831000 	C:\WINDOWS\System32\ADVAPI32.dll
0x00007ff816f80000 - 0x00007ff81701d000 	C:\WINDOWS\System32\msvcrt.dll
0x00007ff817850000 - 0x00007ff8178ab000 	C:\WINDOWS\System32\sechost.dll
0x00007ff815520000 - 0x00007ff81563f000 	C:\WINDOWS\System32\RPCRT4.dll
0x00007ff8170f0000 - 0x00007ff81727f000 	C:\WINDOWS\System32\USER32.dll
0x00007ff814d90000 - 0x00007ff814db0000 	C:\WINDOWS\System32\win32u.dll
0x00007ff8154a0000 - 0x00007ff8154c8000 	C:\WINDOWS\System32\GDI32.dll
0x00007ff8143a0000 - 0x00007ff814533000 	C:\WINDOWS\System32\gdi32full.dll
0x00007ff814540000 - 0x00007ff8145db000 	C:\WINDOWS\System32\msvcp_win.dll
0x00007ff80ea20000 - 0x00007ff80ea35000 	C:\Program Files\Java\jdk-13.0.2\bin\VCRUNTIME140.dll
0x00007ffffded0000 - 0x00007ffffe139000 	C:\WINDOWS\WinSxS\amd64_microsoft.windows.common-controls_6595b64144ccf1df_6.0.16299.1087_none_0f9074b65a6589b7\COMCTL32.dll
0x00007ff816c70000 - 0x00007ff816f76000 	C:\WINDOWS\System32\combase.dll
0x00007ff814170000 - 0x00007ff8141e2000 	C:\WINDOWS\System32\bcryptPrimitives.dll
0x00007ff80e960000 - 0x00007ff80e96a000 	C:\WINDOWS\SYSTEM32\VERSION.dll
0x00007ff8154f0000 - 0x00007ff81551d000 	C:\WINDOWS\System32\IMM32.DLL
0x00007ffff4a80000 - 0x00007ffff4b1b000 	C:\Program Files\Java\jdk-13.0.2\bin\msvcp140.dll
0x00007fffbfcb0000 - 0x00007fffc080d000 	C:\Program Files\Java\jdk-13.0.2\bin\server\jvm.dll
0x00007ff816a80000 - 0x00007ff816a88000 	C:\WINDOWS\System32\PSAPI.DLL
0x00007ffff8340000 - 0x00007ffff8349000 	C:\WINDOWS\SYSTEM32\WSOCK32.dll
0x00007ff817020000 - 0x00007ff81708c000 	C:\WINDOWS\System32\WS2_32.dll
0x00007ff810720000 - 0x00007ff810743000 	C:\WINDOWS\SYSTEM32\WINMM.dll
0x00007ff8106c0000 - 0x00007ff8106ea000 	C:\WINDOWS\SYSTEM32\WINMMBASE.dll
0x00007ff813ce0000 - 0x00007ff813d2a000 	C:\WINDOWS\System32\cfgmgr32.dll
0x00007ff813c30000 - 0x00007ff813c41000 	C:\WINDOWS\System32\kernel.appcore.dll
0x00007ff80dcc0000 - 0x00007ff80dcd0000 	C:\Program Files\Java\jdk-13.0.2\bin\verify.dll
0x00007ff811f60000 - 0x00007ff812128000 	C:\WINDOWS\SYSTEM32\DBGHELP.DLL
0x00007ffff7540000 - 0x00007ffff7569000 	C:\WINDOWS\SYSTEM32\dbgcore.DLL
0x00007ff805fa0000 - 0x00007ff805fc6000 	C:\Program Files\Java\jdk-13.0.2\bin\java.dll
0x00007ff80da60000 - 0x00007ff80da6e000 	C:\Program Files\Java\jdk-13.0.2\bin\instrument.dll
0x00007ffffde40000 - 0x00007ffffde57000 	C:\Program Files\Java\jdk-13.0.2\bin\zip.dll
0x00007ff80daa0000 - 0x00007ff80daaa000 	C:\Program Files\Java\jdk-13.0.2\bin\jimage.dll
0x00007ff815640000 - 0x00007ff816a78000 	C:\WINDOWS\System32\SHELL32.dll
0x00007ff814ec0000 - 0x00007ff814f66000 	C:\WINDOWS\System32\shcore.dll
0x00007ff8145e0000 - 0x00007ff814d27000 	C:\WINDOWS\System32\windows.storage.dll
0x00007ff817090000 - 0x00007ff8170e1000 	C:\WINDOWS\System32\shlwapi.dll
0x00007ff813c50000 - 0x00007ff813c9c000 	C:\WINDOWS\System32\powrprof.dll
0x00007ff813ca0000 - 0x00007ff813cbb000 	C:\WINDOWS\System32\profapi.dll
0x00007ffffd880000 - 0x00007ffffd899000 	C:\Program Files\Java\jdk-13.0.2\bin\net.dll
0x00007ff807ec0000 - 0x00007ff807f9e000 	C:\WINDOWS\SYSTEM32\WINHTTP.dll
0x00007ff8134c0000 - 0x00007ff813526000 	C:\WINDOWS\system32\mswsock.dll
0x00007ffffa760000 - 0x00007ffffa773000 	C:\Program Files\Java\jdk-13.0.2\bin\nio.dll
0x00007ffff5dd0000 - 0x00007ffff5dea000 	D:\Program Files\JetBrains\IntelliJ IDEA Community Edition 2019.3.1\bin\breakgen64.dll
0x00007ff813290000 - 0x00007ff813346000 	C:\WINDOWS\SYSTEM32\DNSAPI.dll
0x00007ff817780000 - 0x00007ff817788000 	C:\WINDOWS\System32\NSI.dll
0x00007ff813250000 - 0x00007ff813289000 	C:\WINDOWS\SYSTEM32\IPHLPAPI.DLL
0x00007ff805c50000 - 0x00007ff805c5a000 	C:\Windows\System32\rasadhlp.dll
0x00007ff8069c0000 - 0x00007ff806a30000 	C:\WINDOWS\System32\fwpuclnt.dll
0x00007ff8137b0000 - 0x00007ff8137d5000 	C:\WINDOWS\SYSTEM32\bcrypt.dll
0x00007ff808440000 - 0x00007ff80844e000 	C:\Program Files\Java\jdk-13.0.2\bin\sunmscapi.dll
0x00007ff813d30000 - 0x00007ff813efe000 	C:\WINDOWS\System32\CRYPT32.dll
0x00007ff813cc0000 - 0x00007ff813cd2000 	C:\WINDOWS\System32\MSASN1.dll
0x00007ff813760000 - 0x00007ff813786000 	C:\WINDOWS\SYSTEM32\ncrypt.dll
0x00007ff813720000 - 0x00007ff813756000 	C:\WINDOWS\SYSTEM32\NTASN1.dll
0x00007ffff4910000 - 0x00007ffff4935000 	C:\Program Files\Java\jdk-13.0.2\bin\sunec.dll
0x00007ff813680000 - 0x00007ff813697000 	C:\WINDOWS\SYSTEM32\CRYPTSP.dll
0x00007ff8130c0000 - 0x00007ff8130f3000 	C:\WINDOWS\system32\rsaenh.dll
0x00007ff813b30000 - 0x00007ff813b59000 	C:\WINDOWS\SYSTEM32\USERENV.dll
0x00007ff8136a0000 - 0x00007ff8136ab000 	C:\WINDOWS\SYSTEM32\CRYPTBASE.dll
0x00007ff807910000 - 0x00007ff807926000 	C:\WINDOWS\SYSTEM32\dhcpcsvc6.DLL
0x00007ff8082e0000 - 0x00007ff8082fa000 	C:\WINDOWS\SYSTEM32\dhcpcsvc.DLL

dbghelp: loaded successfully - version: 4.0.5 - missing functions: none
symbol engine: initialized successfully - sym options: 0x614 - pdb path: .;C:\Program Files\Java\jdk-13.0.2\bin;C:\WINDOWS\SYSTEM32;C:\WINDOWS\WinSxS\amd64_microsoft.windows.common-controls_6595b64144ccf1df_6.0.16299.1087_none_0f9074b65a6589b7;C:\Program Files\Java\jdk-13.0.2\bin\server;D:\Program Files\JetBrains\IntelliJ IDEA Community Edition 2019.3.1\bin

VM Arguments:
jvm_args: -ea --enable-preview -Didea.test.cyclic.buffer.size=1048576 -javaagent:D:\Program Files\JetBrains\IntelliJ IDEA Community Edition 2019.3.1\lib\idea_rt.jar=52949:D:\Program Files\JetBrains\IntelliJ IDEA Community Edition 2019.3.1\bin -Dfile.encoding=UTF-8 
java_command: com.intellij.rt.junit.JUnitStarter -ideVersion5 -junit5 FirstTest,demoTest
java_class_path (initial): D:\Program Files\JetBrains\IntelliJ IDEA Community Edition 2019.3.1\lib\idea_rt.jar;D:\Program Files\JetBrains\IntelliJ IDEA Community Edition 2019.3.1\plugins\junit\lib\junit5-rt.jar;D:\Program Files\JetBrains\IntelliJ IDEA Community Edition 2019.3.1\plugins\junit\lib\junit-rt.jar;C:\Users\sswie\IdeaProjects\001_Start\target\test-classes;C:\Users\sswie\IdeaProjects\001_Start\target\classes;C:\Users\sswie\.m2\repository\org\seleniumhq\selenium\selenium-java\3.141.59\selenium-java-3.141.59.jar;C:\Users\sswie\.m2\repository\org\seleniumhq\selenium\selenium-api\3.141.59\selenium-api-3.141.59.jar;C:\Users\sswie\.m2\repository\org\seleniumhq\selenium\selenium-chrome-driver\3.141.59\selenium-chrome-driver-3.141.59.jar;C:\Users\sswie\.m2\repository\org\seleniumhq\selenium\selenium-edge-driver\3.141.59\selenium-edge-driver-3.141.59.jar;C:\Users\sswie\.m2\repository\org\seleniumhq\selenium\selenium-firefox-driver\3.141.59\selenium-firefox-driver-3.141.59.jar;C:\Users\sswie\.m2\repository\org\seleniumhq\selenium\selenium-ie-driver\3.141.59\selenium-ie-driver-3.141.59.jar;C:\Users\sswie\.m2\repository\org\seleniumhq\selenium\selenium-opera-driver\3.141.59\selenium-opera-driver-3.141.59.jar;C:\Users\sswie\.m2\repository\org\seleniumhq\selenium\selenium-remote-driver\3.141.59\selenium-remote-driver-3.141.59.jar;C:\Users\sswie\.m2\repository\org\seleniumhq\selenium\selenium-safari-driver\3.141.59\selenium-safari-driver-3.141.59.jar;C:\Users\sswie\.m2\repository\org\seleniumhq\selenium\selenium-support\3.141.59\selenium-support-3.141.59.jar;C:\Users\sswie\.m2\repository\net\bytebuddy\byte-buddy\1.8.15\byte-buddy-1.8.15.jar;C:\Users\sswie\.m2\repository\org\apache\commons\commons-exec\1.3\commons-exec-1.3.jar;C:\Users\sswie\.m2\repository\com\google\guava\guava\25.0-jre\guava-25.0-jre.jar;C:\Users\sswie\.m2\repository\com\google\code\findbugs\jsr305\1.3.9\jsr305-1.3.9.jar;C:\Users\sswie\.m2\repository\org\checkerframework\checker-compat-qual\2.0.0\check
Launcher Type: SUN_STANDARD

[Global flags]
     intx CICompilerCount                          = 2                                         {product} {ergonomic}
     uint ConcGCThreads                            = 1                                         {product} {ergonomic}
     uint G1ConcRefinementThreads                  = 2                                         {product} {ergonomic}
   size_t G1HeapRegionSize                         = 1048576                                   {product} {ergonomic}
    uintx GCDrainStackTargetSize                   = 64                                        {product} {ergonomic}
   size_t InitialHeapSize                          = 65011712                                  {product} {ergonomic}
   size_t MarkStackSize                            = 4194304                                   {product} {ergonomic}
   size_t MaxHeapSize                              = 1033895936                                {product} {ergonomic}
   size_t MaxNewSize                               = 619708416                                 {product} {ergonomic}
   size_t MinHeapDeltaBytes                        = 1048576                                   {product} {ergonomic}
   size_t MinHeapSize                              = 8388608                                   {product} {ergonomic}
    uintx NonNMethodCodeHeapSize                   = 5826188                                {pd product} {ergonomic}
    uintx NonProfiledCodeHeapSize                  = 122916026                              {pd product} {ergonomic}
    uintx ProfiledCodeHeapSize                     = 122916026                              {pd product} {ergonomic}
    uintx ReservedCodeCacheSize                    = 251658240                              {pd product} {ergonomic}
     bool SegmentedCodeCache                       = true                                      {product} {ergonomic}
   size_t SoftMaxHeapSize                          = 1033895936                             {manageable} {ergonomic}
     bool UseCompressedClassPointers               = true                                 {lp64_product} {ergonomic}
     bool UseCompressedOops                        = true                                 {lp64_product} {ergonomic}
     bool UseG1GC                                  = true                                      {product} {ergonomic}
     bool UseLargePagesIndividualAllocation        = false                                  {pd product} {ergonomic}

Logging:
Log output configuration:
 #0: stdout all=warning uptime,level,tags
 #1: stderr all=off uptime,level,tags

Environment Variables:
PATH=C:\Program Files (x86)\Intel\TXE Components\iCLS\;C:\Program Files\Intel\TXE Components\iCLS\;C:\WINDOWS\system32;C:\WINDOWS;C:\WINDOWS\System32\Wbem;C:\WINDOWS\System32\WindowsPowerShell\v1.0\;C:\Program Files\Intel\TXE Components\DAL\;C:\Program Files (x86)\Intel\TXE Components\DAL\;C:\Program Files\Intel\TXE Components\IPT\;C:\Program Files (x86)\Intel\TXE Components\IPT\;d:\Windows\Program Files\Git\cmd;C:\Program Files\Java\jdk-13.0.2\bin;C:\Users\sswie\AppData\Local\Microsoft\WindowsApps;
USERNAME=sswie
OS=Windows_NT
PROCESSOR_IDENTIFIER=Intel64 Family 6 Model 92 Stepping 9, GenuineIntel



---------------  S Y S T E M  ---------------

OS: Windows 10 , 64 bit Build 16299 (10.0.16299.1087)

CPU:total 2 (initial active 2) (2 cores per cpu, 1 threads per core) family 6 model 92 stepping 9, cmov, cx8, fxsr, mmx, sse, sse2, sse3, ssse3, sse4.1, sse4.2, popcnt, aes, clmul, erms, 3dnowpref, tsc, tscinvbit, sha

Memory: 4k page, system-wide physical 3936M (318M free)
TotalPageFile size 5186M (AvailPageFile size 4M)
current process WorkingSet (physical memory assigned to process): 81M, peak: 82M
current process commit charge ("private bytes"): 151M, peak: 152M

vm_info: Java HotSpot(TM) 64-Bit Server VM (13.0.2+8) for windows-amd64 JRE (13.0.2+8), built on Dec 11 2019 09:20:33 by "mach5one" with unknown MS VC++:1916

END.
